{"level":"info","message":"Consumer has joined the group","extra":{"timestamp":"2020-12-03T20:07:39.854Z","logger":"kafkajs","groupId":"user","memberId":"my-app-0441a787-7231-4f45-b23d-56233db052c0","leaderId":"my-app-0441a787-7231-4f45-b23d-56233db052c0","isLeader":true,"memberAssignment":{"user":[0]},"groupProtocol":"RoundRobinAssigner","duration":24977}}
{"level":"info","message":"Consumer has joined the group","extra":{"timestamp":"2020-12-03T20:07:42.684Z","logger":"kafkajs","groupId":"listing","memberId":"my-app-e8949322-b9df-4843-84a3-1d8a615f7915","leaderId":"my-app-e8949322-b9df-4843-84a3-1d8a615f7915","isLeader":true,"memberAssignment":{"listing":[0]},"groupProtocol":"RoundRobinAssigner","duration":27790}}
{"level":"info","message":"Consumer has joined the group","extra":{"timestamp":"2020-12-03T20:07:42.725Z","logger":"kafkajs","groupId":"review","memberId":"my-app-9d689695-e3f5-4189-86da-0bc7ebfcec28","leaderId":"my-app-9d689695-e3f5-4189-86da-0bc7ebfcec28","isLeader":true,"memberAssignment":{"review":[0]},"groupProtocol":"RoundRobinAssigner","duration":27832}}
{"level":"info","message":"Starting","extra":{"timestamp":"2020-12-03T20:12:11.207Z","logger":"kafkajs","groupId":"user"}}
{"level":"info","message":"Starting","extra":{"timestamp":"2020-12-03T20:12:11.223Z","logger":"kafkajs","groupId":"listing"}}
{"level":"info","message":"Starting","extra":{"timestamp":"2020-12-03T20:12:11.224Z","logger":"kafkajs","groupId":"review"}}
{"level":"info","message":"Consumer has joined the group","extra":{"timestamp":"2020-12-03T20:12:36.499Z","logger":"kafkajs","groupId":"user","memberId":"my-app-033b312a-d4b3-4809-829e-9ef6cee7ea2a","leaderId":"my-app-033b312a-d4b3-4809-829e-9ef6cee7ea2a","isLeader":true,"memberAssignment":{"user":[0]},"groupProtocol":"RoundRobinAssigner","duration":25289}}
{"level":"info","message":"Consumer has joined the group","extra":{"timestamp":"2020-12-03T20:12:37.842Z","logger":"kafkajs","groupId":"listing","memberId":"my-app-a1494855-175b-4fab-a02c-27b47451d7d4","leaderId":"my-app-a1494855-175b-4fab-a02c-27b47451d7d4","isLeader":true,"memberAssignment":{"listing":[0]},"groupProtocol":"RoundRobinAssigner","duration":26618}}
{"level":"info","message":"Consumer has joined the group","extra":{"timestamp":"2020-12-03T20:12:37.878Z","logger":"kafkajs","groupId":"review","memberId":"my-app-9e9ae2e8-4aca-498e-8746-ce6463918114","leaderId":"my-app-9e9ae2e8-4aca-498e-8746-ce6463918114","isLeader":true,"memberAssignment":{"review":[0]},"groupProtocol":"RoundRobinAssigner","duration":26653}}
{"level":"info","message":"Starting","extra":{"timestamp":"2020-12-03T20:18:33.343Z","logger":"kafkajs","groupId":"user"}}
{"level":"info","message":"Starting","extra":{"timestamp":"2020-12-03T20:18:33.360Z","logger":"kafkajs","groupId":"review"}}
{"level":"info","message":"Starting","extra":{"timestamp":"2020-12-03T20:18:33.361Z","logger":"kafkajs","groupId":"listing"}}
{"level":"info","message":"Consumer has joined the group","extra":{"timestamp":"2020-12-03T20:18:33.371Z","logger":"kafkajs","groupId":"user","memberId":"my-app-551bae41-7ea1-44bc-bec2-200d6e711ce7","leaderId":"my-app-551bae41-7ea1-44bc-bec2-200d6e711ce7","isLeader":true,"memberAssignment":{"user":[0]},"groupProtocol":"RoundRobinAssigner","duration":24}}
{"level":"info","message":"Consumer has joined the group","extra":{"timestamp":"2020-12-03T20:18:33.392Z","logger":"kafkajs","groupId":"review","memberId":"my-app-063e6fa8-6aaa-445b-804d-7f187b7cb462","leaderId":"my-app-063e6fa8-6aaa-445b-804d-7f187b7cb462","isLeader":true,"memberAssignment":{"review":[0]},"groupProtocol":"RoundRobinAssigner","duration":32}}
{"level":"info","message":"Consumer has joined the group","extra":{"timestamp":"2020-12-03T20:18:33.396Z","logger":"kafkajs","groupId":"listing","memberId":"my-app-2065bff7-60e7-4151-9748-9714519e537f","leaderId":"my-app-2065bff7-60e7-4151-9748-9714519e537f","isLeader":true,"memberAssignment":{"listing":[0]},"groupProtocol":"RoundRobinAssigner","duration":35}}
{"level":"info","message":"Starting","extra":{"timestamp":"2020-12-03T20:18:48.820Z","logger":"kafkajs","groupId":"user"}}
{"level":"info","message":"Starting","extra":{"timestamp":"2020-12-03T20:18:48.837Z","logger":"kafkajs","groupId":"review"}}
{"level":"info","message":"Starting","extra":{"timestamp":"2020-12-03T20:18:48.839Z","logger":"kafkajs","groupId":"listing"}}
{"level":"info","message":"Consumer has joined the group","extra":{"timestamp":"2020-12-03T20:19:13.425Z","logger":"kafkajs","groupId":"review","memberId":"my-app-6c189155-be04-4958-8d35-01104437b354","leaderId":"my-app-6c189155-be04-4958-8d35-01104437b354","isLeader":true,"memberAssignment":{"review":[0]},"groupProtocol":"RoundRobinAssigner","duration":24587}}
{"level":"info","message":"Consumer has joined the group","extra":{"timestamp":"2020-12-03T20:19:13.439Z","logger":"kafkajs","groupId":"listing","memberId":"my-app-9dd54141-c198-49fd-92aa-4413cc6ad92f","leaderId":"my-app-9dd54141-c198-49fd-92aa-4413cc6ad92f","isLeader":true,"memberAssignment":{"listing":[0]},"groupProtocol":"RoundRobinAssigner","duration":24600}}
{"level":"info","message":"Consumer has joined the group","extra":{"timestamp":"2020-12-03T20:19:13.442Z","logger":"kafkajs","groupId":"user","memberId":"my-app-83022c2d-cd38-4c83-8af6-54b2d0f56292","leaderId":"my-app-83022c2d-cd38-4c83-8af6-54b2d0f56292","isLeader":true,"memberAssignment":{"user":[0]},"groupProtocol":"RoundRobinAssigner","duration":24618}}
{"level":"info","message":"Starting","extra":{"timestamp":"2020-12-03T20:23:40.981Z","logger":"kafkajs","groupId":"user"}}
{"level":"info","message":"Starting","extra":{"timestamp":"2020-12-03T20:23:40.998Z","logger":"kafkajs","groupId":"review"}}
{"level":"info","message":"Starting","extra":{"timestamp":"2020-12-03T20:23:41.001Z","logger":"kafkajs","groupId":"listing"}}
{"level":"info","message":"Consumer has joined the group","extra":{"timestamp":"2020-12-03T20:24:08.687Z","logger":"kafkajs","groupId":"listing","memberId":"my-app-88d53f9f-8a9f-4029-9800-0482b5ad4002","leaderId":"my-app-88d53f9f-8a9f-4029-9800-0482b5ad4002","isLeader":true,"memberAssignment":{"listing":[0]},"groupProtocol":"RoundRobinAssigner","duration":27686}}
{"level":"info","message":"Consumer has joined the group","extra":{"timestamp":"2020-12-03T20:24:08.699Z","logger":"kafkajs","groupId":"review","memberId":"my-app-f8b0dc85-8024-4e4d-84f4-9b0e4bd75cf9","leaderId":"my-app-f8b0dc85-8024-4e4d-84f4-9b0e4bd75cf9","isLeader":true,"memberAssignment":{"review":[0]},"groupProtocol":"RoundRobinAssigner","duration":27701}}
{"level":"info","message":"Consumer has joined the group","extra":{"timestamp":"2020-12-03T20:24:08.715Z","logger":"kafkajs","groupId":"user","memberId":"my-app-b0b5e4b0-b3e0-44a3-84c9-90aadbc67896","leaderId":"my-app-b0b5e4b0-b3e0-44a3-84c9-90aadbc67896","isLeader":true,"memberAssignment":{"user":[0]},"groupProtocol":"RoundRobinAssigner","duration":27731}}
{"level":"info","message":"Starting","extra":{"timestamp":"2020-12-03T20:24:50.018Z","logger":"kafkajs","groupId":"user"}}
{"level":"info","message":"Starting","extra":{"timestamp":"2020-12-03T20:24:50.031Z","logger":"kafkajs","groupId":"review"}}
{"level":"info","message":"Starting","extra":{"timestamp":"2020-12-03T20:24:50.032Z","logger":"kafkajs","groupId":"listing"}}
{"level":"info","message":"Consumer has joined the group","extra":{"timestamp":"2020-12-03T20:25:18.757Z","logger":"kafkajs","groupId":"listing","memberId":"my-app-61243bda-7c7e-42d4-b5f9-2ff108997689","leaderId":"my-app-61243bda-7c7e-42d4-b5f9-2ff108997689","isLeader":true,"memberAssignment":{"listing":[0]},"groupProtocol":"RoundRobinAssigner","duration":28725}}
{"level":"info","message":"Consumer has joined the group","extra":{"timestamp":"2020-12-03T20:25:18.762Z","logger":"kafkajs","groupId":"user","memberId":"my-app-96b481d2-2c1d-4715-bab4-db47962af399","leaderId":"my-app-96b481d2-2c1d-4715-bab4-db47962af399","isLeader":true,"memberAssignment":{"user":[0]},"groupProtocol":"RoundRobinAssigner","duration":28741}}
{"level":"info","message":"Consumer has joined the group","extra":{"timestamp":"2020-12-03T20:25:18.763Z","logger":"kafkajs","groupId":"review","memberId":"my-app-d6783746-a69d-4868-bd20-a611d21df3ce","leaderId":"my-app-d6783746-a69d-4868-bd20-a611d21df3ce","isLeader":true,"memberAssignment":{"review":[0]},"groupProtocol":"RoundRobinAssigner","duration":28732}}
{"level":"info","message":"Starting","extra":{"timestamp":"2020-12-03T20:25:21.598Z","logger":"kafkajs","groupId":"user"}}
{"level":"info","message":"Starting","extra":{"timestamp":"2020-12-03T20:25:21.612Z","logger":"kafkajs","groupId":"review"}}
{"level":"info","message":"Starting","extra":{"timestamp":"2020-12-03T20:25:21.612Z","logger":"kafkajs","groupId":"listing"}}
{"level":"info","message":"Starting","extra":{"timestamp":"2020-12-03T20:25:34.124Z","logger":"kafkajs","groupId":"user"}}
{"level":"info","message":"Starting","extra":{"timestamp":"2020-12-03T20:25:34.137Z","logger":"kafkajs","groupId":"listing"}}
{"level":"info","message":"Starting","extra":{"timestamp":"2020-12-03T20:25:34.139Z","logger":"kafkajs","groupId":"review"}}
{"level":"info","message":"Consumer has joined the group","extra":{"timestamp":"2020-12-03T20:25:48.789Z","logger":"kafkajs","groupId":"user","memberId":"my-app-e4057eda-a6de-4b4f-9c7e-daa8be2ce4da","leaderId":"my-app-e4057eda-a6de-4b4f-9c7e-daa8be2ce4da","isLeader":true,"memberAssignment":{},"groupProtocol":"RoundRobinAssigner","duration":14662}}
{"level":"info","message":"Starting","extra":{"timestamp":"2020-12-03T20:25:59.184Z","logger":"kafkajs","groupId":"user"}}
{"level":"info","message":"Starting","extra":{"timestamp":"2020-12-03T20:25:59.198Z","logger":"kafkajs","groupId":"listing"}}
{"level":"info","message":"Starting","extra":{"timestamp":"2020-12-03T20:25:59.199Z","logger":"kafkajs","groupId":"review"}}
{"level":"info","message":"Consumer has joined the group","extra":{"timestamp":"2020-12-03T20:26:28.811Z","logger":"kafkajs","groupId":"user","memberId":"my-app-02b665ca-cc52-43e5-b4a7-ab643fd1a894","leaderId":"my-app-02b665ca-cc52-43e5-b4a7-ab643fd1a894","isLeader":true,"memberAssignment":{"user":[0]},"groupProtocol":"RoundRobinAssigner","duration":29623}}
{"level":"info","message":"Consumer has joined the group","extra":{"timestamp":"2020-12-03T20:26:29.206Z","logger":"kafkajs","groupId":"review","memberId":"my-app-f9b56e53-e68e-46a1-8204-0a135f8d2f7e","leaderId":"my-app-f9b56e53-e68e-46a1-8204-0a135f8d2f7e","isLeader":true,"memberAssignment":{"review":[0]},"groupProtocol":"RoundRobinAssigner","duration":30007}}
{"level":"info","message":"Consumer has joined the group","extra":{"timestamp":"2020-12-03T20:26:29.208Z","logger":"kafkajs","groupId":"listing","memberId":"my-app-842afe73-abff-4a01-8523-6492404f187f","leaderId":"my-app-842afe73-abff-4a01-8523-6492404f187f","isLeader":true,"memberAssignment":{"listing":[0]},"groupProtocol":"RoundRobinAssigner","duration":30009}}
{"level":"info","message":"Starting","extra":{"timestamp":"2020-12-03T20:27:22.112Z","logger":"kafkajs","groupId":"user"}}
{"level":"info","message":"Starting","extra":{"timestamp":"2020-12-03T20:27:22.129Z","logger":"kafkajs","groupId":"listing"}}
{"level":"info","message":"Starting","extra":{"timestamp":"2020-12-03T20:27:22.130Z","logger":"kafkajs","groupId":"review"}}
{"level":"info","message":"Starting","extra":{"timestamp":"2020-12-03T20:27:36.635Z","logger":"kafkajs","groupId":"user"}}
{"level":"info","message":"Starting","extra":{"timestamp":"2020-12-03T20:27:36.649Z","logger":"kafkajs","groupId":"review"}}
{"level":"info","message":"Starting","extra":{"timestamp":"2020-12-03T20:27:36.650Z","logger":"kafkajs","groupId":"listing"}}
{"level":"error","message":"Response SyncGroup(key: 14, version: 3)","extra":{"timestamp":"2020-12-03T20:28:18.876Z","logger":"kafkajs","broker":"localhost:9092","clientId":"my-app","error":"The group is rebalancing, so a rejoin is needed","correlationId":5,"size":14}}
{"level":"info","message":"Consumer has joined the group","extra":{"timestamp":"2020-12-03T20:28:19.168Z","logger":"kafkajs","groupId":"user","memberId":"my-app-be864352-417c-4543-bb2d-bddbbb2e0543","leaderId":"my-app-be864352-417c-4543-bb2d-bddbbb2e0543","isLeader":true,"memberAssignment":{"user":[0]},"groupProtocol":"RoundRobinAssigner","duration":42530}}
{"level":"error","message":"Response SyncGroup(key: 14, version: 3)","extra":{"timestamp":"2020-12-03T20:28:19.256Z","logger":"kafkajs","broker":"localhost:9092","clientId":"my-app","error":"The group is rebalancing, so a rejoin is needed","correlationId":5,"size":14}}
{"level":"error","message":"Response SyncGroup(key: 14, version: 3)","extra":{"timestamp":"2020-12-03T20:28:19.256Z","logger":"kafkajs","broker":"localhost:9092","clientId":"my-app","error":"The group is rebalancing, so a rejoin is needed","correlationId":5,"size":14}}
{"level":"info","message":"Consumer has joined the group","extra":{"timestamp":"2020-12-03T20:28:19.607Z","logger":"kafkajs","groupId":"review","memberId":"my-app-d90b2277-d021-42a9-8290-d90ed7c33977","leaderId":"my-app-d90b2277-d021-42a9-8290-d90ed7c33977","isLeader":true,"memberAssignment":{"review":[0]},"groupProtocol":"RoundRobinAssigner","duration":42957}}
{"level":"info","message":"Consumer has joined the group","extra":{"timestamp":"2020-12-03T20:28:19.614Z","logger":"kafkajs","groupId":"listing","memberId":"my-app-e89825c1-046d-42fb-af56-10dcccb90342","leaderId":"my-app-e89825c1-046d-42fb-af56-10dcccb90342","isLeader":true,"memberAssignment":{"listing":[0]},"groupProtocol":"RoundRobinAssigner","duration":42963}}
{"level":"info","message":"Starting","extra":{"timestamp":"2020-12-03T20:30:49.748Z","logger":"kafkajs","groupId":"user"}}
{"level":"info","message":"Starting","extra":{"timestamp":"2020-12-03T20:30:49.761Z","logger":"kafkajs","groupId":"review"}}
{"level":"info","message":"Starting","extra":{"timestamp":"2020-12-03T20:30:49.762Z","logger":"kafkajs","groupId":"listing"}}
{"level":"info","message":"Consumer has joined the group","extra":{"timestamp":"2020-12-03T20:31:14.710Z","logger":"kafkajs","groupId":"listing","memberId":"my-app-a2c004a9-fc55-49dd-a0d0-17e8debd26a8","leaderId":"my-app-a2c004a9-fc55-49dd-a0d0-17e8debd26a8","isLeader":true,"memberAssignment":{"listing":[0]},"groupProtocol":"RoundRobinAssigner","duration":24948}}
{"level":"info","message":"Consumer has joined the group","extra":{"timestamp":"2020-12-03T20:31:14.720Z","logger":"kafkajs","groupId":"review","memberId":"my-app-de89e030-1cf9-426b-a31d-e553b6b6a54a","leaderId":"my-app-de89e030-1cf9-426b-a31d-e553b6b6a54a","isLeader":true,"memberAssignment":{"review":[0]},"groupProtocol":"RoundRobinAssigner","duration":24958}}
{"level":"info","message":"Consumer has joined the group","extra":{"timestamp":"2020-12-03T20:31:19.279Z","logger":"kafkajs","groupId":"user","memberId":"my-app-ff428b0a-d622-47a7-af0d-21a878f08d6f","leaderId":"my-app-ff428b0a-d622-47a7-af0d-21a878f08d6f","isLeader":true,"memberAssignment":{"user":[0]},"groupProtocol":"RoundRobinAssigner","duration":29528}}
{"level":"info","message":"Starting","extra":{"timestamp":"2020-12-03T20:32:01.341Z","logger":"kafkajs","groupId":"user"}}
{"level":"info","message":"Starting","extra":{"timestamp":"2020-12-03T20:32:01.352Z","logger":"kafkajs","groupId":"review"}}
{"level":"info","message":"Starting","extra":{"timestamp":"2020-12-03T20:32:01.353Z","logger":"kafkajs","groupId":"listing"}}
{"level":"info","message":"Consumer has joined the group","extra":{"timestamp":"2020-12-03T20:32:29.310Z","logger":"kafkajs","groupId":"user","memberId":"my-app-f28f4199-a5be-4f09-bfb7-d08fd5856fab","leaderId":"my-app-f28f4199-a5be-4f09-bfb7-d08fd5856fab","isLeader":true,"memberAssignment":{"user":[0]},"groupProtocol":"RoundRobinAssigner","duration":27967}}
{"level":"info","message":"Consumer has joined the group","extra":{"timestamp":"2020-12-03T20:32:29.788Z","logger":"kafkajs","groupId":"review","memberId":"my-app-157d7e88-27cb-4677-bfd3-a2b613d52fba","leaderId":"my-app-157d7e88-27cb-4677-bfd3-a2b613d52fba","isLeader":true,"memberAssignment":{"review":[0]},"groupProtocol":"RoundRobinAssigner","duration":28435}}
{"level":"info","message":"Consumer has joined the group","extra":{"timestamp":"2020-12-03T20:32:29.800Z","logger":"kafkajs","groupId":"listing","memberId":"my-app-cdc542da-f88d-413c-a9c7-6fb50c0f0c38","leaderId":"my-app-cdc542da-f88d-413c-a9c7-6fb50c0f0c38","isLeader":true,"memberAssignment":{"listing":[0]},"groupProtocol":"RoundRobinAssigner","duration":28447}}
{"level":"info","message":"Starting","extra":{"timestamp":"2020-12-03T20:32:49.695Z","logger":"kafkajs","groupId":"user"}}
{"level":"info","message":"Starting","extra":{"timestamp":"2020-12-03T20:32:49.708Z","logger":"kafkajs","groupId":"review"}}
{"level":"info","message":"Starting","extra":{"timestamp":"2020-12-03T20:32:49.709Z","logger":"kafkajs","groupId":"listing"}}
{"level":"info","message":"Consumer has joined the group","extra":{"timestamp":"2020-12-03T20:33:14.810Z","logger":"kafkajs","groupId":"review","memberId":"my-app-09243bb5-12d5-477d-b806-a3025f080d6b","leaderId":"my-app-09243bb5-12d5-477d-b806-a3025f080d6b","isLeader":true,"memberAssignment":{"review":[0]},"groupProtocol":"RoundRobinAssigner","duration":25101}}
{"level":"info","message":"Consumer has joined the group","extra":{"timestamp":"2020-12-03T20:33:14.829Z","logger":"kafkajs","groupId":"listing","memberId":"my-app-7695c6de-a8d9-471d-8190-7dd57049557c","leaderId":"my-app-7695c6de-a8d9-471d-8190-7dd57049557c","isLeader":true,"memberAssignment":{"listing":[0]},"groupProtocol":"RoundRobinAssigner","duration":25120}}
{"level":"info","message":"Consumer has joined the group","extra":{"timestamp":"2020-12-03T20:33:19.353Z","logger":"kafkajs","groupId":"user","memberId":"my-app-4b961e49-3964-43cd-b8f2-90fffd6399fe","leaderId":"my-app-4b961e49-3964-43cd-b8f2-90fffd6399fe","isLeader":true,"memberAssignment":{"user":[0]},"groupProtocol":"RoundRobinAssigner","duration":29655}}
{"level":"info","message":"Starting","extra":{"timestamp":"2020-12-03T20:43:40.607Z","logger":"kafkajs","groupId":"user"}}
{"level":"info","message":"Starting","extra":{"timestamp":"2020-12-03T20:43:40.625Z","logger":"kafkajs","groupId":"review"}}
{"level":"info","message":"Starting","extra":{"timestamp":"2020-12-03T20:43:40.626Z","logger":"kafkajs","groupId":"listing"}}
{"level":"info","message":"Consumer has joined the group","extra":{"timestamp":"2020-12-03T20:44:05.187Z","logger":"kafkajs","groupId":"listing","memberId":"my-app-5309d467-1b7c-4bd7-8474-6972f5a8ec32","leaderId":"my-app-5309d467-1b7c-4bd7-8474-6972f5a8ec32","isLeader":true,"memberAssignment":{"listing":[0]},"groupProtocol":"RoundRobinAssigner","duration":24561}}
{"level":"info","message":"Consumer has joined the group","extra":{"timestamp":"2020-12-03T20:44:05.199Z","logger":"kafkajs","groupId":"review","memberId":"my-app-5919a3aa-71f5-4269-b5e6-4448c98d61a0","leaderId":"my-app-5919a3aa-71f5-4269-b5e6-4448c98d61a0","isLeader":true,"memberAssignment":{"review":[0]},"groupProtocol":"RoundRobinAssigner","duration":24574}}
{"level":"info","message":"Consumer has joined the group","extra":{"timestamp":"2020-12-03T20:44:09.687Z","logger":"kafkajs","groupId":"user","memberId":"my-app-73250212-8ded-4be3-9117-e9875c472dbf","leaderId":"my-app-73250212-8ded-4be3-9117-e9875c472dbf","isLeader":true,"memberAssignment":{"user":[0]},"groupProtocol":"RoundRobinAssigner","duration":29077}}
{"level":"info","message":"Starting","extra":{"timestamp":"2020-12-03T20:44:39.176Z","logger":"kafkajs","groupId":"user"}}
{"level":"info","message":"Starting","extra":{"timestamp":"2020-12-03T20:44:39.192Z","logger":"kafkajs","groupId":"review"}}
{"level":"info","message":"Starting","extra":{"timestamp":"2020-12-03T20:44:39.193Z","logger":"kafkajs","groupId":"listing"}}
{"level":"info","message":"Consumer has joined the group","extra":{"timestamp":"2020-12-03T20:45:04.717Z","logger":"kafkajs","groupId":"user","memberId":"my-app-5cb00a03-3c90-480c-9130-5fef82be2dd0","leaderId":"my-app-5cb00a03-3c90-480c-9130-5fef82be2dd0","isLeader":true,"memberAssignment":{"user":[0]},"groupProtocol":"RoundRobinAssigner","duration":25537}}
{"level":"info","message":"Consumer has joined the group","extra":{"timestamp":"2020-12-03T20:45:05.251Z","logger":"kafkajs","groupId":"listing","memberId":"my-app-9700cdc8-4628-4b7b-b3fe-ea0311995af1","leaderId":"my-app-9700cdc8-4628-4b7b-b3fe-ea0311995af1","isLeader":true,"memberAssignment":{"listing":[0]},"groupProtocol":"RoundRobinAssigner","duration":26058}}
{"level":"info","message":"Consumer has joined the group","extra":{"timestamp":"2020-12-03T20:45:05.273Z","logger":"kafkajs","groupId":"review","memberId":"my-app-c8fd1500-8e0e-435f-bd28-71748c87dce4","leaderId":"my-app-c8fd1500-8e0e-435f-bd28-71748c87dce4","isLeader":true,"memberAssignment":{"review":[0]},"groupProtocol":"RoundRobinAssigner","duration":26081}}
{"level":"info","message":"Starting","extra":{"timestamp":"2020-12-03T20:45:30.874Z","logger":"kafkajs","groupId":"user"}}
{"level":"info","message":"Starting","extra":{"timestamp":"2020-12-03T20:45:30.892Z","logger":"kafkajs","groupId":"review"}}
{"level":"info","message":"Starting","extra":{"timestamp":"2020-12-03T20:45:30.893Z","logger":"kafkajs","groupId":"listing"}}
{"level":"info","message":"Starting","extra":{"timestamp":"2020-12-03T20:45:52.400Z","logger":"kafkajs","groupId":"user"}}
{"level":"info","message":"Starting","extra":{"timestamp":"2020-12-03T20:45:52.419Z","logger":"kafkajs","groupId":"listing"}}
{"level":"info","message":"Starting","extra":{"timestamp":"2020-12-03T20:45:52.420Z","logger":"kafkajs","groupId":"review"}}
{"level":"info","message":"Consumer has joined the group","extra":{"timestamp":"2020-12-03T20:45:59.773Z","logger":"kafkajs","groupId":"user","memberId":"my-app-6323b66d-0f96-434c-99c0-bdf96ce86a14","leaderId":"my-app-6323b66d-0f96-434c-99c0-bdf96ce86a14","isLeader":true,"memberAssignment":{},"groupProtocol":"RoundRobinAssigner","duration":7369}}
{"level":"info","message":"Starting","extra":{"timestamp":"2020-12-03T20:46:05.386Z","logger":"kafkajs","groupId":"user"}}
{"level":"info","message":"Starting","extra":{"timestamp":"2020-12-03T20:46:05.402Z","logger":"kafkajs","groupId":"review"}}
{"level":"info","message":"Starting","extra":{"timestamp":"2020-12-03T20:46:05.403Z","logger":"kafkajs","groupId":"listing"}}
{"level":"info","message":"Consumer has joined the group","extra":{"timestamp":"2020-12-03T20:46:34.798Z","logger":"kafkajs","groupId":"user","memberId":"my-app-39cef45b-8c44-4a19-b275-71591bfabd06","leaderId":"my-app-39cef45b-8c44-4a19-b275-71591bfabd06","isLeader":true,"memberAssignment":{"user":[0]},"groupProtocol":"RoundRobinAssigner","duration":29409}}
{"level":"info","message":"Consumer has joined the group","extra":{"timestamp":"2020-12-03T20:46:35.411Z","logger":"kafkajs","groupId":"listing","memberId":"my-app-906b14fc-489d-4d1d-8a74-086dd05a4837","leaderId":"my-app-906b14fc-489d-4d1d-8a74-086dd05a4837","isLeader":true,"memberAssignment":{"listing":[0]},"groupProtocol":"RoundRobinAssigner","duration":30007}}
{"level":"info","message":"Consumer has joined the group","extra":{"timestamp":"2020-12-03T20:46:35.413Z","logger":"kafkajs","groupId":"review","memberId":"my-app-61bf2ad0-df95-4f5e-89f1-63c366d212ef","leaderId":"my-app-61bf2ad0-df95-4f5e-89f1-63c366d212ef","isLeader":true,"memberAssignment":{"review":[0]},"groupProtocol":"RoundRobinAssigner","duration":30010}}
{"level":"info","message":"Starting","extra":{"timestamp":"2020-12-03T22:17:41.395Z","logger":"kafkajs","groupId":"user"}}
{"level":"info","message":"Starting","extra":{"timestamp":"2020-12-03T22:17:41.407Z","logger":"kafkajs","groupId":"review"}}
{"level":"info","message":"Starting","extra":{"timestamp":"2020-12-03T22:17:41.408Z","logger":"kafkajs","groupId":"listing"}}
{"level":"info","message":"Consumer has joined the group","extra":{"timestamp":"2020-12-03T22:18:07.423Z","logger":"kafkajs","groupId":"user","memberId":"my-app-ad237e40-5c8e-4099-af5e-f04def889bb0","leaderId":"my-app-ad237e40-5c8e-4099-af5e-f04def889bb0","isLeader":true,"memberAssignment":{"user":[0]},"groupProtocol":"RoundRobinAssigner","duration":26025}}
{"level":"info","message":"Consumer has joined the group","extra":{"timestamp":"2020-12-03T22:18:08.018Z","logger":"kafkajs","groupId":"listing","memberId":"my-app-9afc6e5a-f0f8-4cb8-9873-ffbd847e6afd","leaderId":"my-app-9afc6e5a-f0f8-4cb8-9873-ffbd847e6afd","isLeader":true,"memberAssignment":{"listing":[0]},"groupProtocol":"RoundRobinAssigner","duration":26610}}
{"level":"info","message":"Consumer has joined the group","extra":{"timestamp":"2020-12-03T22:18:08.037Z","logger":"kafkajs","groupId":"review","memberId":"my-app-e46e3630-ab65-45b4-b98d-465df68c2f37","leaderId":"my-app-e46e3630-ab65-45b4-b98d-465df68c2f37","isLeader":true,"memberAssignment":{"review":[0]},"groupProtocol":"RoundRobinAssigner","duration":26630}}
